===== JOB SELF REPORT =====
hostname: n0081
date: 2026-03-19T11:19:48-04:00
working_directory: /mmfs1/home/sv96
python_executable: /home/sv96/.conda/envs/feedback-weighted-maximization/bin/python3
python_version: 
conda_default_env: feedback-weighted-maximization
conda_prefix: /home/sv96/.conda/envs/feedback-weighted-maximization
git_repo_dir: /mmfs1/home/sv96/node_classification_manuscript/code/bfsbased_node_classification
preserve/broken-job1-883410-2026-03-19
690c5179911294f264081500287d797b2a19eeb3
provenance_github_ref: 4252d292c84ae5d0a5db55d6ae94a01a96009357
provenance_blobs: 622036cab9ba33b34190ba88ef2ac88c52f5972e (bfsbased-full-investigate-homophil.py)
provenance_blobs: 756447e7117a0b017a5f73e496ba05e28fd41272 (comparison_runner.py)
datasets: cora citeseer chameleon texas actor cornell wisconsin
splits: 0 1 2 3 4 5 6 7 8 9
repeats: 3
methods: mlp_only prop_only selective_graph_correction
output_tag: manuscript_final_validation_main
split_root: /mmfs1/home/sv96/node_classification_manuscript/data/splits
data_root: /mmfs1/home/sv96/node_classification_manuscript/data
logs_root: /mmfs1/home/sv96/node_classification_manuscript/logs
SLURM_JOB_ID: 887233
SLURM_JOB_NAME: sv_main_r3
=============================
[run] python3 /mmfs1/home/sv96/node_classification_manuscript/code/bfsbased_node_classification/manuscript_runner.py (output-tag: manuscript_final_validation_main)
