
=== Split Coverage Check ===
  pubmed      : FULL
  squirrel    : FULL

Datasets to run: ['pubmed', 'squirrel']
Methods: ['mlp_only', 'prop_only', 'selective_graph_correction']
Split ids per dataset: varies (only available ids run)
Repeats: 3

Loading bfsbased-full-investigate-homophil module...
[dataset] loaded texas | nodes=183 | edges=574

✅ Loaded  dataset with 183 nodes, 574 edges
   - Features: 1703
   - Number of Classes: 5
   - Number of Components: 1
Logs written to logs/texas_full-investigate-v2_20260320_115422.txt

============================================================
Dataset: pubmed  (10 splits)
============================================================
  split=0  repeat=1/3  seed=133700
  split=0  repeat=2/3  seed=133701
  split=0  repeat=3/3  seed=133702
  split=1  repeat=1/3  seed=133800
  split=1  repeat=2/3  seed=133801
  split=1  repeat=3/3  seed=133802
  split=2  repeat=1/3  seed=133900
  split=2  repeat=2/3  seed=133901
  split=2  repeat=3/3  seed=133902
  split=3  repeat=1/3  seed=134000
  split=3  repeat=2/3  seed=134001
  split=3  repeat=3/3  seed=134002
  split=4  repeat=1/3  seed=134100
  split=4  repeat=2/3  seed=134101
  split=4  repeat=3/3  seed=134102
  split=5  repeat=1/3  seed=134200
  split=5  repeat=2/3  seed=134201
  split=5  repeat=3/3  seed=134202
  split=6  repeat=1/3  seed=134300
  split=6  repeat=2/3  seed=134301
  split=6  repeat=3/3  seed=134302
  split=7  repeat=1/3  seed=134400
  split=7  repeat=2/3  seed=134401
  split=7  repeat=3/3  seed=134402
  split=8  repeat=1/3  seed=134500
  split=8  repeat=2/3  seed=134501
  split=8  repeat=3/3  seed=134502
  split=9  repeat=1/3  seed=134600
  split=9  repeat=2/3  seed=134601
  split=9  repeat=3/3  seed=134602

============================================================
Dataset: squirrel  (10 splits)
============================================================
  split=0  repeat=1/3  seed=133700
  split=0  repeat=2/3  seed=133701
  split=0  repeat=3/3  seed=133702
  split=1  repeat=1/3  seed=133800
  split=1  repeat=2/3  seed=133801
  split=1  repeat=3/3  seed=133802
  split=2  repeat=1/3  seed=133900
  split=2  repeat=2/3  seed=133901
  split=2  repeat=3/3  seed=133902
  split=3  repeat=1/3  seed=134000
  split=3  repeat=2/3  seed=134001
  split=3  repeat=3/3  seed=134002
  split=4  repeat=1/3  seed=134100
  split=4  repeat=2/3  seed=134101
  split=4  repeat=3/3  seed=134102
  split=5  repeat=1/3  seed=134200
  split=5  repeat=2/3  seed=134201
  split=5  repeat=3/3  seed=134202
  split=6  repeat=1/3  seed=134300
  split=6  repeat=2/3  seed=134301
  split=6  repeat=3/3  seed=134302
  split=7  repeat=1/3  seed=134400
  split=7  repeat=2/3  seed=134401
  split=7  repeat=3/3  seed=134402
  split=8  repeat=1/3  seed=134500
  split=8  repeat=2/3  seed=134501
  split=8  repeat=3/3  seed=134502
  split=9  repeat=1/3  seed=134600
  split=9  repeat=2/3  seed=134601
  split=9  repeat=3/3  seed=134602

Total runs completed: 180  Wall time: 21090.9s
Raw records written to: logs/comparison_runs_manuscript_final_validation_job2.jsonl
Summary written to: logs/comparison_summary_manuscript_final_validation_job2.json
Gain-over-MLP table written to: logs/gain_over_mlp_manuscript_final_validation_job2.csv
Correction-behavior table written to: logs/correction_behavior_manuscript_final_validation_job2.csv
Regime-analysis table written to: logs/regime_analysis_manuscript_final_validation_job2.csv
Fairness report written to: logs/comparison_fairness_report_manuscript_final_validation_job2.md

======================================================================
CORE RESULT TABLE (manuscript_final_validation_job2)
======================================================================
Dataset                            mlp_only                    prop_only                          sgc
--------------------------------------------------------------------------------
pubmed                     0.8723 ± 0.0037             0.8090 ± 0.0053             0.8841 ± 0.0036
squirrel                   0.3218 ± 0.0171             0.3035 ± 0.0184             0.3220 ± 0.0174
======================================================================
Case studies written to: logs/case_studies_manuscript_final_validation_job2.md

=== Output Artifacts ===
  runs_path: logs/comparison_runs_manuscript_final_validation_job2.jsonl
  summary_path: logs/comparison_summary_manuscript_final_validation_job2.json
  fairness_path: logs/comparison_fairness_report_manuscript_final_validation_job2.md
  gain_path: logs/gain_over_mlp_manuscript_final_validation_job2.csv
  correction_path: logs/correction_behavior_manuscript_final_validation_job2.csv
  regime_path: logs/regime_analysis_manuscript_final_validation_job2.csv
  case_studies: logs/case_studies_manuscript_final_validation_job2.md

=== Manuscript Readiness Assessment ===

SGC vs MLP:
  Positive (delta > +0.5%): ['pubmed']
  Neutral  (|delta| <= 0.5%): ['squirrel']
  Negative (delta < -0.5%): []

  Evidence most consistent with: **diagnostic/negative paper**

Note: Run with repeats=3 on Wulver for manuscript-quality stability estimates.
Note: Case studies require per-node diagnostics JSON files in logs/.
