Summary written to: /mmfs1/home/sv96/node_classification_manuscript/logs/comparison_summary_manuscript_final_validation.json
Gain-over-MLP table written to: /mmfs1/home/sv96/node_classification_manuscript/logs/manuscript_gain_over_mlp_final_validation.csv
Correction-behavior table written to: /mmfs1/home/sv96/node_classification_manuscript/logs/manuscript_correction_behavior_final_validation.csv
Regime-analysis table written to: /mmfs1/home/sv96/node_classification_manuscript/logs/manuscript_regime_analysis_final_validation.csv
Fairness report written to: /mmfs1/home/sv96/node_classification_manuscript/logs/comparison_fairness_report_manuscript_final_validation.md

======================================================================
CORE RESULT TABLE (manuscript_final_validation)
======================================================================
Dataset                            mlp_only                    prop_only                          sgc
--------------------------------------------------------------------------------
actor                      0.3439 ± 0.0066             0.3213 ± 0.0189             0.3430 ± 0.0076
chameleon                  0.4620 ± 0.0185             0.3819 ± 0.0412             0.4620 ± 0.0199
citeseer                   0.6797 ± 0.0192             0.6815 ± 0.0377             0.7049 ± 0.0202
cora                       0.7074 ± 0.0221             0.8142 ± 0.0261             0.7425 ± 0.0217
cornell                    0.7189 ± 0.0590             0.5009 ± 0.0887             0.7189 ± 0.0607
pubmed                     0.8723 ± 0.0037             0.8090 ± 0.0053             0.8841 ± 0.0036
squirrel                   0.3218 ± 0.0171             0.3035 ± 0.0184             0.3220 ± 0.0174
texas                      0.7874 ± 0.0635             0.5703 ± 0.1055             0.7883 ± 0.0688
wisconsin                  0.8471 ± 0.0479             0.5386 ± 0.0874             0.8451 ± 0.0476
======================================================================
Case studies written to: /mmfs1/home/sv96/node_classification_manuscript/logs/manuscript_case_studies_final_validation.md

SGC vs MLP:
  Positive (delta > +0.5%): ['citeseer', 'cora', 'pubmed']
  Neutral  (|delta| <= 0.5%): ['actor', 'chameleon', 'cornell', 'squirrel', 'texas', 'wisconsin']
  Negative (delta < -0.5%): []

  Evidence most consistent with: **diagnostic/negative paper**

Note: Run with repeats=3 on Wulver for manuscript-quality stability estimates.
Note: Case studies require per-node diagnostics JSON files in logs/.
Analysis artifacts written under: /mmfs1/home/sv96/node_classification_manuscript/logs
