/home/sv96/.local/lib/python3.11/site-packages/torch_geometric/typing.py:68: UserWarning: An issue occurred while importing 'pyg-lib'. Disabling its usage. Stacktrace: /mmfs1/home/sv96/.conda/envs/feedback-weighted-maximization/lib/python3.11/site-packages/libpyg.so: undefined symbol: _ZNK5torch8autograd4Node4nameEv
  warnings.warn(f"An issue occurred while importing 'pyg-lib'. "
/home/sv96/.local/lib/python3.11/site-packages/torch_geometric/typing.py:86: UserWarning: An issue occurred while importing 'torch-scatter'. Disabling its usage. Stacktrace: libcudart.so.12: cannot open shared object file: No such file or directory
  warnings.warn(f"An issue occurred while importing 'torch-scatter'. "
/home/sv96/.local/lib/python3.11/site-packages/torch_geometric/typing.py:97: UserWarning: An issue occurred while importing 'torch-cluster'. Disabling its usage. Stacktrace: /mmfs1/home/sv96/.conda/envs/feedback-weighted-maximization/lib/python3.11/site-packages/torch_cluster/_version_cpu.so: undefined symbol: _ZN5torch3jit17parseSchemaOrNameERKSs
  warnings.warn(f"An issue occurred while importing 'torch-cluster'. "
/home/sv96/.local/lib/python3.11/site-packages/torch_geometric/typing.py:113: UserWarning: An issue occurred while importing 'torch-spline-conv'. Disabling its usage. Stacktrace: /mmfs1/home/sv96/.conda/envs/feedback-weighted-maximization/lib/python3.11/site-packages/torch_spline_conv/_version_cpu.so: undefined symbol: _ZN5torch3jit17parseSchemaOrNameERKSs
  warnings.warn(
/home/sv96/.local/lib/python3.11/site-packages/torch_geometric/typing.py:124: UserWarning: An issue occurred while importing 'torch-sparse'. Disabling its usage. Stacktrace: libcudart.so.12: cannot open shared object file: No such file or directory
  warnings.warn(f"An issue occurred while importing 'torch-sparse'. "
Downloading https://raw.githubusercontent.com/graphdml-uiuc-jlu/geom-gcn/master/new_data/texas/out1_node_feature_label.txt
Downloading https://raw.githubusercontent.com/graphdml-uiuc-jlu/geom-gcn/master/new_data/texas/out1_graph_edges.txt
Downloading https://raw.githubusercontent.com/graphdml-uiuc-jlu/geom-gcn/master/splits/texas_split_0.6_0.2_0.npz
Downloading https://raw.githubusercontent.com/graphdml-uiuc-jlu/geom-gcn/master/splits/texas_split_0.6_0.2_1.npz
Downloading https://raw.githubusercontent.com/graphdml-uiuc-jlu/geom-gcn/master/splits/texas_split_0.6_0.2_2.npz
Downloading https://raw.githubusercontent.com/graphdml-uiuc-jlu/geom-gcn/master/splits/texas_split_0.6_0.2_3.npz
Downloading https://raw.githubusercontent.com/graphdml-uiuc-jlu/geom-gcn/master/splits/texas_split_0.6_0.2_4.npz
Downloading https://raw.githubusercontent.com/graphdml-uiuc-jlu/geom-gcn/master/splits/texas_split_0.6_0.2_5.npz
Downloading https://raw.githubusercontent.com/graphdml-uiuc-jlu/geom-gcn/master/splits/texas_split_0.6_0.2_6.npz
Downloading https://raw.githubusercontent.com/graphdml-uiuc-jlu/geom-gcn/master/splits/texas_split_0.6_0.2_7.npz
Downloading https://raw.githubusercontent.com/graphdml-uiuc-jlu/geom-gcn/master/splits/texas_split_0.6_0.2_8.npz
Downloading https://raw.githubusercontent.com/graphdml-uiuc-jlu/geom-gcn/master/splits/texas_split_0.6_0.2_9.npz
Processing...
Done!
Downloading https://github.com/kimiyoung/planetoid/raw/master/data/ind.cora.x
Downloading https://github.com/kimiyoung/planetoid/raw/master/data/ind.cora.tx
Downloading https://github.com/kimiyoung/planetoid/raw/master/data/ind.cora.allx
Downloading https://github.com/kimiyoung/planetoid/raw/master/data/ind.cora.y
Downloading https://github.com/kimiyoung/planetoid/raw/master/data/ind.cora.ty
Downloading https://github.com/kimiyoung/planetoid/raw/master/data/ind.cora.ally
Downloading https://github.com/kimiyoung/planetoid/raw/master/data/ind.cora.graph
Downloading https://github.com/kimiyoung/planetoid/raw/master/data/ind.cora.test.index
Processing...
Done!
Downloading https://github.com/kimiyoung/planetoid/raw/master/data/ind.citeseer.x
Downloading https://github.com/kimiyoung/planetoid/raw/master/data/ind.citeseer.tx
Downloading https://github.com/kimiyoung/planetoid/raw/master/data/ind.citeseer.allx
Downloading https://github.com/kimiyoung/planetoid/raw/master/data/ind.citeseer.y
Downloading https://github.com/kimiyoung/planetoid/raw/master/data/ind.citeseer.ty
Downloading https://github.com/kimiyoung/planetoid/raw/master/data/ind.citeseer.ally
Downloading https://github.com/kimiyoung/planetoid/raw/master/data/ind.citeseer.graph
Downloading https://github.com/kimiyoung/planetoid/raw/master/data/ind.citeseer.test.index
Processing...
Done!
Downloading https://raw.githubusercontent.com/graphdml-uiuc-jlu/geom-gcn/f1fc0d14b3b019c562737240d06ec83b07d16a8f/new_data/chameleon/out1_node_feature_label.txt
Downloading https://raw.githubusercontent.com/graphdml-uiuc-jlu/geom-gcn/f1fc0d14b3b019c562737240d06ec83b07d16a8f/new_data/chameleon/out1_graph_edges.txt
Downloading https://raw.githubusercontent.com/graphdml-uiuc-jlu/geom-gcn/f1fc0d14b3b019c562737240d06ec83b07d16a8f/splits/chameleon_split_0.6_0.2_0.npz
Downloading https://raw.githubusercontent.com/graphdml-uiuc-jlu/geom-gcn/f1fc0d14b3b019c562737240d06ec83b07d16a8f/splits/chameleon_split_0.6_0.2_1.npz
Downloading https://raw.githubusercontent.com/graphdml-uiuc-jlu/geom-gcn/f1fc0d14b3b019c562737240d06ec83b07d16a8f/splits/chameleon_split_0.6_0.2_2.npz
Downloading https://raw.githubusercontent.com/graphdml-uiuc-jlu/geom-gcn/f1fc0d14b3b019c562737240d06ec83b07d16a8f/splits/chameleon_split_0.6_0.2_3.npz
Downloading https://raw.githubusercontent.com/graphdml-uiuc-jlu/geom-gcn/f1fc0d14b3b019c562737240d06ec83b07d16a8f/splits/chameleon_split_0.6_0.2_4.npz
Downloading https://raw.githubusercontent.com/graphdml-uiuc-jlu/geom-gcn/f1fc0d14b3b019c562737240d06ec83b07d16a8f/splits/chameleon_split_0.6_0.2_5.npz
Downloading https://raw.githubusercontent.com/graphdml-uiuc-jlu/geom-gcn/f1fc0d14b3b019c562737240d06ec83b07d16a8f/splits/chameleon_split_0.6_0.2_6.npz
Downloading https://raw.githubusercontent.com/graphdml-uiuc-jlu/geom-gcn/f1fc0d14b3b019c562737240d06ec83b07d16a8f/splits/chameleon_split_0.6_0.2_7.npz
Downloading https://raw.githubusercontent.com/graphdml-uiuc-jlu/geom-gcn/f1fc0d14b3b019c562737240d06ec83b07d16a8f/splits/chameleon_split_0.6_0.2_8.npz
Downloading https://raw.githubusercontent.com/graphdml-uiuc-jlu/geom-gcn/f1fc0d14b3b019c562737240d06ec83b07d16a8f/splits/chameleon_split_0.6_0.2_9.npz
Processing...
Done!
Downloading https://raw.githubusercontent.com/graphdml-uiuc-jlu/geom-gcn/master/new_data/film/out1_node_feature_label.txt
Downloading https://raw.githubusercontent.com/graphdml-uiuc-jlu/geom-gcn/master/new_data/film/out1_graph_edges.txt
Downloading https://raw.githubusercontent.com/graphdml-uiuc-jlu/geom-gcn/master/splits/film_split_0.6_0.2_0.npz
Downloading https://raw.githubusercontent.com/graphdml-uiuc-jlu/geom-gcn/master/splits/film_split_0.6_0.2_1.npz
Downloading https://raw.githubusercontent.com/graphdml-uiuc-jlu/geom-gcn/master/splits/film_split_0.6_0.2_2.npz
Downloading https://raw.githubusercontent.com/graphdml-uiuc-jlu/geom-gcn/master/splits/film_split_0.6_0.2_3.npz
Downloading https://raw.githubusercontent.com/graphdml-uiuc-jlu/geom-gcn/master/splits/film_split_0.6_0.2_4.npz
Downloading https://raw.githubusercontent.com/graphdml-uiuc-jlu/geom-gcn/master/splits/film_split_0.6_0.2_5.npz
Downloading https://raw.githubusercontent.com/graphdml-uiuc-jlu/geom-gcn/master/splits/film_split_0.6_0.2_6.npz
Downloading https://raw.githubusercontent.com/graphdml-uiuc-jlu/geom-gcn/master/splits/film_split_0.6_0.2_7.npz
Downloading https://raw.githubusercontent.com/graphdml-uiuc-jlu/geom-gcn/master/splits/film_split_0.6_0.2_8.npz
Downloading https://raw.githubusercontent.com/graphdml-uiuc-jlu/geom-gcn/master/splits/film_split_0.6_0.2_9.npz
Processing...
Done!
Downloading https://raw.githubusercontent.com/graphdml-uiuc-jlu/geom-gcn/master/new_data/cornell/out1_node_feature_label.txt
Downloading https://raw.githubusercontent.com/graphdml-uiuc-jlu/geom-gcn/master/new_data/cornell/out1_graph_edges.txt
Downloading https://raw.githubusercontent.com/graphdml-uiuc-jlu/geom-gcn/master/splits/cornell_split_0.6_0.2_0.npz
Downloading https://raw.githubusercontent.com/graphdml-uiuc-jlu/geom-gcn/master/splits/cornell_split_0.6_0.2_1.npz
Downloading https://raw.githubusercontent.com/graphdml-uiuc-jlu/geom-gcn/master/splits/cornell_split_0.6_0.2_2.npz
Downloading https://raw.githubusercontent.com/graphdml-uiuc-jlu/geom-gcn/master/splits/cornell_split_0.6_0.2_3.npz
Downloading https://raw.githubusercontent.com/graphdml-uiuc-jlu/geom-gcn/master/splits/cornell_split_0.6_0.2_4.npz
Downloading https://raw.githubusercontent.com/graphdml-uiuc-jlu/geom-gcn/master/splits/cornell_split_0.6_0.2_5.npz
Downloading https://raw.githubusercontent.com/graphdml-uiuc-jlu/geom-gcn/master/splits/cornell_split_0.6_0.2_6.npz
Downloading https://raw.githubusercontent.com/graphdml-uiuc-jlu/geom-gcn/master/splits/cornell_split_0.6_0.2_7.npz
Downloading https://raw.githubusercontent.com/graphdml-uiuc-jlu/geom-gcn/master/splits/cornell_split_0.6_0.2_8.npz
Downloading https://raw.githubusercontent.com/graphdml-uiuc-jlu/geom-gcn/master/splits/cornell_split_0.6_0.2_9.npz
Processing...
Done!
Downloading https://raw.githubusercontent.com/graphdml-uiuc-jlu/geom-gcn/master/new_data/wisconsin/out1_node_feature_label.txt
Downloading https://raw.githubusercontent.com/graphdml-uiuc-jlu/geom-gcn/master/new_data/wisconsin/out1_graph_edges.txt
Downloading https://raw.githubusercontent.com/graphdml-uiuc-jlu/geom-gcn/master/splits/wisconsin_split_0.6_0.2_0.npz
Downloading https://raw.githubusercontent.com/graphdml-uiuc-jlu/geom-gcn/master/splits/wisconsin_split_0.6_0.2_1.npz
Downloading https://raw.githubusercontent.com/graphdml-uiuc-jlu/geom-gcn/master/splits/wisconsin_split_0.6_0.2_2.npz
Downloading https://raw.githubusercontent.com/graphdml-uiuc-jlu/geom-gcn/master/splits/wisconsin_split_0.6_0.2_3.npz
Downloading https://raw.githubusercontent.com/graphdml-uiuc-jlu/geom-gcn/master/splits/wisconsin_split_0.6_0.2_4.npz
Downloading https://raw.githubusercontent.com/graphdml-uiuc-jlu/geom-gcn/master/splits/wisconsin_split_0.6_0.2_5.npz
Downloading https://raw.githubusercontent.com/graphdml-uiuc-jlu/geom-gcn/master/splits/wisconsin_split_0.6_0.2_6.npz
Downloading https://raw.githubusercontent.com/graphdml-uiuc-jlu/geom-gcn/master/splits/wisconsin_split_0.6_0.2_7.npz
Downloading https://raw.githubusercontent.com/graphdml-uiuc-jlu/geom-gcn/master/splits/wisconsin_split_0.6_0.2_8.npz
Downloading https://raw.githubusercontent.com/graphdml-uiuc-jlu/geom-gcn/master/splits/wisconsin_split_0.6_0.2_9.npz
Processing...
Done!
